2006-06-11 21:08:38 # manager                   # File Descriptor available (256,256)
2006-06-11 21:25:57 # manager                   # File Descriptor available (256,256)
2006-06-11 21:25:57 # manager                   # Launching Manager for SAP: node=[frsdhpi2], host=[frsdhpi2], port=13250
2006-06-11 21:25:57 # agt_srv_thread_main       # Server v.401 starting (Multithread Version) (Nov 14 2005)
2006-06-11 22:05:47 # agt_srv_end               # End of server
2006-06-11 22:08:28 # manager                   # File Descriptor available (256,256)
2006-06-11 22:08:28 # manager                   # Launching Manager for SAP: node=[frsdhpi2], host=[frsdhpi2], port=13250
2006-06-11 22:08:28 # agt_srv_thread_main       # Server v.401 starting (Multithread Version) (Nov 14 2005)
2006-06-11 22:09:32 # uxsap_rspc_api_get_chains # RfcCallReceive fails to call RSPC_API_GET_CHAINS. RFC ERROR [RFC_ERROR_SYSTEM_FAILURE] [Function module "RSPC_API_GET_CHAINS" not found.                                                    ]
2006-06-11 22:23:08 # uxsap_rspc_api_chain_star # RfcCallReceive fails to call RSPC_API_CHAIN_START. RFC ERROR [FAILED] [FAILED                                                                                              ]
2006-06-11 22:23:12 # agt_sap_trtreq_gui        # [line 1462] no process chain to numproc (0000001)
2006-06-11 22:24:10 # uxsap_rspc_api_chain_star # RfcCallReceive fails to call RSPC_API_CHAIN_START. RFC ERROR [FAILED] [FAILED                                                                                              ]
2006-06-11 22:35:37 # uxsap_rspc_api_chain_star # RfcCallReceive fails to call RSPC_API_CHAIN_START. RFC ERROR [FAILED] [FAILED                                                                                              ]
2006-09-11 22:44:49 # uxsap_bapi_output_devices # RfcCallReceive fails to call BAPI_XBP_OUTPUT_DEVICE_SEARCH. RFC ERROR [RFC_ERROR_SYSTEM_FAILURE] [Function module "BAPI_XBP_OUTPUT_DEVICE_SEARCH" not found.                                          ]
2006-09-11 22:44:49 # uxsap_bapi_disconnect     # RfcCallReceive fails to call BAPI_XMI_LOGOFF. RFC ERROR [CALL_FUNCTION_NOT_FOUND] [Function module "BAPI_XBP_OUTPUT_DEVICE_SEARCH" not found.                                          ]
2006-13-11 17:15:57 # manager                   # File Descriptor available (256,256)
2006-13-11 17:15:57 # manager                   # Launching Manager for SAP: node=[frsdhpi2], host=[frsdhpi2], port=13250
2006-13-11 17:15:57 # agt_srv_thread_main       # Server v.401 starting (Multithread Version) (Nov 14 2005)
2006-26-12 17:23:33 # manager                   # File Descriptor available (256,256)
2006-26-12 17:23:33 # manager                   # Launching Manager for SAP: node=[frsdhpi2], host=[frsdhpi2], port=13250
2006-26-12 17:23:33 # agt_srv_thread_main       # Server v.401 starting (Multithread Version) (Nov 14 2005)
2007-04-01 22:26:28 # manager                   # File Descriptor available (256,256)
2007-04-01 22:26:28 # manager                   # Launching Manager for SAP: node=[frsdhpi2], host=[frsdhpi2], port=13250
2007-04-01 22:26:29 # agt_srv_thread_main       # Server v.401 starting (Multithread Version) (Nov 14 2005)
2007-04-01 22:37:48 # agt_srv_end               # End of server
2007-04-01 22:37:52 # manager                   # File Descriptor available (256,256)
2007-04-01 22:37:52 # manager                   # Launching Manager for SAP: node=[frsdhpi2], host=[frsdhpi2], port=13250
2007-04-01 22:37:52 # u_create_newsystem        # Duplicate system: *,*,* already exists in memory
2007-04-01 22:37:52 # agt_sap_readtargetfile    # Init error: unable to add system *,*,*
2007-04-01 22:37:52 # agt_srv_thread_main       # Server v.401 starting (Multithread Version) (Nov 14 2005)
2007-04-01 22:45:36 # agt_srv_end               # End of server
2007-04-01 22:45:46 # manager                   # File Descriptor available (256,256)
2007-04-01 22:45:46 # manager                   # Launching Manager for SAP: node=[frsdhpi2], host=[frsdhpi2], port=13250
2007-04-01 22:45:46 # agt_srv_thread_main       # Server v.401 starting (Multithread Version) (Nov 14 2005)
