/lcbkp/images/cases
/lcbkp/images/cases_diff
/lcbkp/images/data
/lcbkp/images/data_diff
/lcbkp/images/etc
/lcbkp/images/windata/00_DA_US_Doc
/lcbkp/images/windata/00_DA_US_Doc_diff
/lcbkp/images/windata/60_Projects
/lcbkp/images/windata/60_Projects_diff
/lcbkp/images/windata/11_50_CD
/lcbkp/images/windata/12_43_Doc
/lcbkp/images/windata/12_50_Doc
/lcbkp/images/windata/12_Documentation
/lcbkp/images/windata/13_43_Kits
/lcbkp/images/windata/20_Edition
/lcbkp/images/windata/21_Non_Official
/lcbkp/images/windata/32_Tools_Docs
/lcbkp/images/windata/33_Tools_Kits
/lcbkp/images/windata/42_Sys_Admin_Docs
/lcbkp/images/windata/43_Sys_Admin_Kits
/lcbkp/images/windata/49_Sys_Admin_Reports
/lcbkp/images/windata/lost+found
/lcbkp/images/windata/Z_Ftp_backup

/lcbkp/images/windata/
